0 info it worked if it ends with ok
1 verbose cli [ '/usr/local/bin/node',
1 verbose cli   '/usr/local/bin/npm',
1 verbose cli   'install',
1 verbose cli   'jitsu',
1 verbose cli   '-g' ]
2 info using npm@1.4.28
3 info using node@v0.10.36
4 verbose cache add [ 'jitsu', null ]
5 verbose cache add name=undefined spec="jitsu" args=["jitsu",null]
6 verbose parsed url { protocol: null,
6 verbose parsed url   slashes: null,
6 verbose parsed url   auth: null,
6 verbose parsed url   host: null,
6 verbose parsed url   port: null,
6 verbose parsed url   hostname: null,
6 verbose parsed url   hash: null,
6 verbose parsed url   search: null,
6 verbose parsed url   query: null,
6 verbose parsed url   pathname: 'jitsu',
6 verbose parsed url   path: 'jitsu',
6 verbose parsed url   href: 'jitsu' }
7 silly lockFile 9d81e68b-jitsu jitsu
8 error Error: Attempt to unlock jitsu, which hasn't been locked
8 error     at unlock (/usr/local/lib/node_modules/npm/lib/utils/locker.js:44:11)
8 error     at cb (/usr/local/lib/node_modules/npm/lib/cache/add-local.js:30:5)
8 error     at /usr/local/lib/node_modules/npm/lib/cache/add-local.js:47:20
8 error     at /usr/local/lib/node_modules/npm/lib/utils/locker.js:22:20
8 error     at /usr/local/lib/node_modules/npm/node_modules/inflight/inflight.js:22:7
8 error     at Array.forEach (native)
8 error     at res (/usr/local/lib/node_modules/npm/node_modules/inflight/inflight.js:21:9)
8 error     at f (/usr/local/lib/node_modules/npm/node_modules/once/once.js:16:25)
8 error     at afterMkdir (/usr/local/lib/node_modules/npm/lib/cache/get-stat.js:53:14)
8 error     at /usr/local/lib/node_modules/npm/node_modules/mkdirp/index.js:46:53
9 error If you need help, you may report this *entire* log,
9 error including the npm and node versions, at:
9 error     <http://github.com/npm/npm/issues>
10 error System Linux 3.10.18
11 error command "/usr/local/bin/node" "/usr/local/bin/npm" "install" "jitsu" "-g"
12 error cwd /home/chronos/user/Downloads/newDayChrome/hackerNewsVIMBot
13 error node -v v0.10.36
14 error npm -v 1.4.28
15 verbose exit [ 1, true ]
